GDRE Tools v0.9.0-beta.4
Windows 10.0.18363, Intel(R) UHD Graphics 630, opengl3
Opening file: C:/Users/Кирилл/Downloads/indev.apk
ERROR: Condition "f.is_null()" is true. Returning: nullptr
   at: godot_open (modules\gdsdecomp\utility\file_access_apk.cpp:53)
ERROR: Condition "!zfile" is true. Returning: false
   at: APKArchive::try_open_pack (modules\gdsdecomp\utility\file_access_apk.cpp:192)
ERROR: FATAL ERROR: Can't open pack!
   at: GDRESettings::load_pck (modules\gdsdecomp\utility\gdre_settings.cpp:463)
ERROR: Can't load project!
   at: GDRESettings::load_project (modules\gdsdecomp\utility\gdre_settings.cpp:591)
GDRE Tools v0.9.0-beta.4
Windows 10.0.18363, Intel(R) UHD Graphics 630, opengl3
Opening file: C:/indev.apk
Extracted 279 files, no errors detected!
WARNING: Converting lossy imports, you may lose fidelity for indicated assets when re-importing upon loading the project
   at: ImportExporter::_export_imports (modules\gdsdecomp\utility\import_exporter.cpp:241)
Script version 4.3.0-stable (rev 0x77af6ca) detected
Exporting resources in parallel...
Saved project config project.godot.


********************************EXPORT REPORT********************************

Totals:                                 
Decompiled scripts:                     20
Failed scripts:                         0
Imported resources for export session:  116
Successfully converted:                 116
Lossy:                                  1
Rewrote metadata:                       96
Non-importable conversions:             1
Not converted:                          0
Failed conversions:                     0
-------------


The following files were converted from an import that was stored lossy.
You may lose fidelity when re-importing these files upon loading the project.
res://.godot/imported/apple.jpg-8b4d03f0193a859c86e2f0f03e368896.ctex to res://textures/ui/apple.jpg
------

The following files were converted and saved to a non-original path, but did not have their import data rewritten.
These files will not be re-imported when loading the project.
res://.godot/imported/icon.svg-218a8f2b3041327d8a5756f3a245f83b.ctex to res://.assets/icon.png


------------------------------------------------------------------------------------

Use Godot editor version 4.4.0.stable to edit the project.
Note: the project may be using a custom version of Godot. Detection for this has not been implemented yet.
If you find that you have many non-import errors upon opening the project 
(i.e. scripts or shaders have many errors), use the original game's binary as the export template.

*******************************************************************************

